<?xml version="1.0" encoding="UTF-8"?>
<testng-results ignored="0" total="1" passed="1" failed="0" skipped="0">
  <reporter-output>
  </reporter-output>
  <suite started-at="2026-03-04T12:02:41 CST" name="Default suite" finished-at="2026-03-04T12:02:49 CST" duration-ms="8096">
    <groups>
    </groups>
    <test started-at="2026-03-04T12:02:41 CST" name="Default test" finished-at="2026-03-04T12:02:49 CST" duration-ms="8096">
      <class name="com.bancreapay.bancreapay_tests.LoginTest">
        <test-method is-config="true" signature="setUp()[pri:0, instance:com.bancreapay.bancreapay_tests.LoginTest@1725dc0f]" started-at="2026-03-04T12:02:41 CST" name="setUp" finished-at="2026-03-04T12:02:45 CST" duration-ms="3779" status="PASS">
          <reporter-output>
          </reporter-output>
        </test-method> <!-- setUp -->
        <test-method signature="testLoginPageLoads()[pri:0, instance:com.bancreapay.bancreapay_tests.LoginTest@1725dc0f]" started-at="2026-03-04T12:02:45 CST" name="testLoginPageLoads" finished-at="2026-03-04T12:02:49 CST" duration-ms="4166" status="PASS">
          <reporter-output>
          </reporter-output>
        </test-method> <!-- testLoginPageLoads -->
        <test-method is-config="true" signature="tearDown()[pri:0, instance:com.bancreapay.bancreapay_tests.LoginTest@1725dc0f]" started-at="2026-03-04T12:02:49 CST" name="tearDown" finished-at="2026-03-04T12:02:49 CST" duration-ms="122" status="PASS">
          <reporter-output>
          </reporter-output>
        </test-method> <!-- tearDown -->
      </class> <!-- com.bancreapay.bancreapay_tests.LoginTest -->
    </test> <!-- Default test -->
  </suite> <!-- Default suite -->
</testng-results>
